<?xml version="1.0" encoding="UTF-8"?>
<testng-results skipped="0" failed="1" ignored="0" total="5" passed="4">
  <reporter-output>
    <line>
      <![CDATA[valid data test passed]]>
    </line>
    <line>
      <![CDATA[no such element: Unable to locate element: {"method":"xpath","selector":"//*[text()='Enter valid mobile number']"}
  (Session info: chrome=71.0.3578.98)
  (Driver info: chromedriver=2.36.540470 (e522d04694c7ebea4ba8821272dbef4f9b818c91),platform=Windows NT 10.0.17134 x86_64) (WARNING: The server did not provide any stacktrace information)
Command duration or timeout: 0 milliseconds
For documentation on this error, please visit: http://seleniumhq.org/exceptions/no_such_element.html
Build info: version: '3.11.0', revision: 'e59cfb3', time: '2018-03-11T20:33:08.638Z'
System info: host: 'DESKTOP-84SQC18', ip: '172.26.82.97', os.name: 'Windows 10', os.arch: 'amd64', os.version: '10.0', java.version: '1.8.0_171'
Driver info: org.openqa.selenium.chrome.ChromeDriver
Capabilities {acceptInsecureCerts: false, acceptSslCerts: false, applicationCacheEnabled: false, browserConnectionEnabled: false, browserName: chrome, chrome: {chromedriverVersion: 2.36.540470 (e522d04694c7eb..., userDataDir: C:\Users\THIRUP~1\AppData\L...}, cssSelectorsEnabled: true, databaseEnabled: false, handlesAlerts: true, hasTouchScreen: false, javascriptEnabled: true, locationContextEnabled: true, mobileEmulationEnabled: false, nativeEvents: true, networkConnectionEnabled: false, pageLoadStrategy: normal, platform: XP, platformName: XP, rotatable: false, setWindowRect: true, takesHeapSnapshot: true, takesScreenshot: true, unexpectedAlertBehaviour: , unhandledPromptBehavior: , version: 71.0.3578.98, webStorageEnabled: true}
Session ID: 2f6158a9955bcbcab19e33a8c432c9a2
*** Element info: {Using=xpath, value=//*[text()='Enter valid mobile number']}]]>
    </line>
    <line>
      <![CDATA[Wrong size mobile number test passed]]>
    </line>
    <line>
      <![CDATA[invalid pwd test passed]]>
    </line>
    <line>
      <![CDATA[login test failled]]>
    </line>
    <line>
      <![CDATA[<img src="file:///E:\02-01-19-01-07-57.png"alt"">]]>
    </line>
  </reporter-output>
  <suite name="Suite" duration-ms="154134" started-at="2019-01-02T07:35:24Z" finished-at="2019-01-02T07:37:58Z">
    <groups>
    </groups>
    <test name="Test1" duration-ms="60290" started-at="2019-01-02T07:35:24Z" finished-at="2019-01-02T07:36:25Z">
      <class name="my_pack1.Way2sms">
        <test-method status="PASS" signature="launch()[pri:0, instance:my_pack1.Way2sms@4b9e13df]" name="launch" is-config="true" duration-ms="45221" started-at="2019-01-02T07:35:24Z" finished-at="2019-01-02T07:36:09Z">
          <reporter-output>
          </reporter-output>
        </test-method> <!-- launch -->
        <test-method status="PASS" signature="login(java.lang.String, java.lang.String, java.lang.String, java.lang.String)[pri:0, instance:my_pack1.Way2sms@4b9e13df]" name="login" duration-ms="13727" started-at="2019-01-02T07:36:09Z" finished-at="2019-01-02T07:36:23Z">
          <params>
            <param index="0">
              <value>
                <![CDATA[9492266105]]>
              </value>
            </param>
            <param index="1">
              <value>
                <![CDATA[valid]]>
              </value>
            </param>
            <param index="2">
              <value>
                <![CDATA[priya]]>
              </value>
            </param>
            <param index="3">
              <value>
                <![CDATA[valid]]>
              </value>
            </param>
          </params>
          <reporter-output>
            <line>
              <![CDATA[valid data test passed]]>
            </line>
          </reporter-output>
        </test-method> <!-- login -->
        <test-method status="PASS" signature="closesite()[pri:0, instance:my_pack1.Way2sms@4b9e13df]" name="closesite" is-config="true" duration-ms="1295" started-at="2019-01-02T07:36:23Z" finished-at="2019-01-02T07:36:25Z">
          <reporter-output>
          </reporter-output>
        </test-method> <!-- closesite -->
      </class> <!-- my_pack1.Way2sms -->
    </test> <!-- Test1 -->
    <test name="Test2" duration-ms="39830" started-at="2019-01-02T07:36:25Z" finished-at="2019-01-02T07:37:04Z">
      <class name="my_pack1.Way2sms">
        <test-method status="PASS" signature="launch()[pri:0, instance:my_pack1.Way2sms@6d4b1c02]" name="launch" is-config="true" duration-ms="34231" started-at="2019-01-02T07:36:25Z" finished-at="2019-01-02T07:36:59Z">
          <reporter-output>
          </reporter-output>
        </test-method> <!-- launch -->
        <test-method status="PASS" signature="login(java.lang.String, java.lang.String, java.lang.String, java.lang.String)[pri:0, instance:my_pack1.Way2sms@6d4b1c02]" name="login" duration-ms="4614" started-at="2019-01-02T07:36:59Z" finished-at="2019-01-02T07:37:03Z">
          <params>
            <param index="0">
              <value>
                <![CDATA[ ]]>
              </value>
            </param>
            <param index="1">
              <value>
                <![CDATA[invalid]]>
              </value>
            </param>
            <param index="2">
              <value>
                <![CDATA[priya]]>
              </value>
            </param>
            <param index="3">
              <value>
                <![CDATA[valid]]>
              </value>
            </param>
          </params>
          <reporter-output>
            <line>
              <![CDATA[no such element: Unable to locate element: {"method":"xpath","selector":"//*[text()='Enter valid mobile number']"}
  (Session info: chrome=71.0.3578.98)
  (Driver info: chromedriver=2.36.540470 (e522d04694c7ebea4ba8821272dbef4f9b818c91),platform=Windows NT 10.0.17134 x86_64) (WARNING: The server did not provide any stacktrace information)
Command duration or timeout: 0 milliseconds
For documentation on this error, please visit: http://seleniumhq.org/exceptions/no_such_element.html
Build info: version: '3.11.0', revision: 'e59cfb3', time: '2018-03-11T20:33:08.638Z'
System info: host: 'DESKTOP-84SQC18', ip: '172.26.82.97', os.name: 'Windows 10', os.arch: 'amd64', os.version: '10.0', java.version: '1.8.0_171'
Driver info: org.openqa.selenium.chrome.ChromeDriver
Capabilities {acceptInsecureCerts: false, acceptSslCerts: false, applicationCacheEnabled: false, browserConnectionEnabled: false, browserName: chrome, chrome: {chromedriverVersion: 2.36.540470 (e522d04694c7eb..., userDataDir: C:\Users\THIRUP~1\AppData\L...}, cssSelectorsEnabled: true, databaseEnabled: false, handlesAlerts: true, hasTouchScreen: false, javascriptEnabled: true, locationContextEnabled: true, mobileEmulationEnabled: false, nativeEvents: true, networkConnectionEnabled: false, pageLoadStrategy: normal, platform: XP, platformName: XP, rotatable: false, setWindowRect: true, takesHeapSnapshot: true, takesScreenshot: true, unexpectedAlertBehaviour: , unhandledPromptBehavior: , version: 71.0.3578.98, webStorageEnabled: true}
Session ID: 2f6158a9955bcbcab19e33a8c432c9a2
*** Element info: {Using=xpath, value=//*[text()='Enter valid mobile number']}]]>
            </line>
          </reporter-output>
        </test-method> <!-- login -->
        <test-method status="PASS" signature="closesite()[pri:0, instance:my_pack1.Way2sms@6d4b1c02]" name="closesite" is-config="true" duration-ms="970" started-at="2019-01-02T07:37:03Z" finished-at="2019-01-02T07:37:04Z">
          <reporter-output>
          </reporter-output>
        </test-method> <!-- closesite -->
      </class> <!-- my_pack1.Way2sms -->
    </test> <!-- Test2 -->
    <test name="Test3" duration-ms="21096" started-at="2019-01-02T07:37:04Z" finished-at="2019-01-02T07:37:26Z">
      <class name="my_pack1.Way2sms">
        <test-method status="PASS" signature="launch()[pri:0, instance:my_pack1.Way2sms@42e26948]" name="launch" is-config="true" duration-ms="15404" started-at="2019-01-02T07:37:04Z" finished-at="2019-01-02T07:37:20Z">
          <reporter-output>
          </reporter-output>
        </test-method> <!-- launch -->
        <test-method status="PASS" signature="login(java.lang.String, java.lang.String, java.lang.String, java.lang.String)[pri:0, instance:my_pack1.Way2sms@42e26948]" name="login" duration-ms="4650" started-at="2019-01-02T07:37:20Z" finished-at="2019-01-02T07:37:25Z">
          <params>
            <param index="0">
              <value>
                <![CDATA[9492266]]>
              </value>
            </param>
            <param index="1">
              <value>
                <![CDATA[invalid]]>
              </value>
            </param>
            <param index="2">
              <value>
                <![CDATA[priya]]>
              </value>
            </param>
            <param index="3">
              <value>
                <![CDATA[valid]]>
              </value>
            </param>
          </params>
          <reporter-output>
            <line>
              <![CDATA[Wrong size mobile number test passed]]>
            </line>
          </reporter-output>
        </test-method> <!-- login -->
        <test-method status="PASS" signature="closesite()[pri:0, instance:my_pack1.Way2sms@42e26948]" name="closesite" is-config="true" duration-ms="1020" started-at="2019-01-02T07:37:25Z" finished-at="2019-01-02T07:37:26Z">
          <reporter-output>
          </reporter-output>
        </test-method> <!-- closesite -->
      </class> <!-- my_pack1.Way2sms -->
    </test> <!-- Test3 -->
    <test name="Test4" duration-ms="18019" started-at="2019-01-02T07:37:26Z" finished-at="2019-01-02T07:37:44Z">
      <class name="my_pack1.Way2sms">
        <test-method status="PASS" signature="launch()[pri:0, instance:my_pack1.Way2sms@4667ae56]" name="launch" is-config="true" duration-ms="12343" started-at="2019-01-02T07:37:26Z" finished-at="2019-01-02T07:37:38Z">
          <reporter-output>
          </reporter-output>
        </test-method> <!-- launch -->
        <test-method status="PASS" signature="login(java.lang.String, java.lang.String, java.lang.String, java.lang.String)[pri:0, instance:my_pack1.Way2sms@4667ae56]" name="login" duration-ms="4665" started-at="2019-01-02T07:37:38Z" finished-at="2019-01-02T07:37:43Z">
          <params>
            <param index="0">
              <value>
                <![CDATA[9492266105]]>
              </value>
            </param>
            <param index="1">
              <value>
                <![CDATA[valid]]>
              </value>
            </param>
            <param index="2">
              <value>
                <![CDATA[ ]]>
              </value>
            </param>
            <param index="3">
              <value>
                <![CDATA[invalid]]>
              </value>
            </param>
          </params>
          <reporter-output>
            <line>
              <![CDATA[invalid pwd test passed]]>
            </line>
          </reporter-output>
        </test-method> <!-- login -->
        <test-method status="PASS" signature="closesite()[pri:0, instance:my_pack1.Way2sms@4667ae56]" name="closesite" is-config="true" duration-ms="995" started-at="2019-01-02T07:37:43Z" finished-at="2019-01-02T07:37:44Z">
          <reporter-output>
          </reporter-output>
        </test-method> <!-- closesite -->
      </class> <!-- my_pack1.Way2sms -->
    </test> <!-- Test4 -->
    <test name="Test5" duration-ms="14679" started-at="2019-01-02T07:37:44Z" finished-at="2019-01-02T07:37:58Z">
      <class name="my_pack1.Way2sms">
        <test-method status="PASS" signature="launch()[pri:0, instance:my_pack1.Way2sms@6eebc39e]" name="launch" is-config="true" duration-ms="8124" started-at="2019-01-02T07:37:44Z" finished-at="2019-01-02T07:37:52Z">
          <reporter-output>
          </reporter-output>
        </test-method> <!-- launch -->
        <test-method status="FAIL" signature="login(java.lang.String, java.lang.String, java.lang.String, java.lang.String)[pri:0, instance:my_pack1.Way2sms@6eebc39e]" name="login" duration-ms="5191" started-at="2019-01-02T07:37:52Z" finished-at="2019-01-02T07:37:57Z">
          <params>
            <param index="0">
              <value>
                <![CDATA[9492266105]]>
              </value>
            </param>
            <param index="1">
              <value>
                <![CDATA[invalid]]>
              </value>
            </param>
            <param index="2">
              <value>
                <![CDATA[priyaa]]>
              </value>
            </param>
            <param index="3">
              <value>
                <![CDATA[valid]]>
              </value>
            </param>
          </params>
          <exception class="java.lang.AssertionError">
            <message>
              <![CDATA[expected [true] but found [false]]]>
            </message>
            <full-stacktrace>
              <![CDATA[java.lang.AssertionError: expected [true] but found [false]
at org.testng.Assert.fail(Assert.java:96)
at org.testng.Assert.failNotEquals(Assert.java:776)
at org.testng.Assert.assertTrue(Assert.java:44)
at org.testng.Assert.assertTrue(Assert.java:54)
at my_pack1.Way2sms.login(Way2sms.java:91)
at sun.reflect.NativeMethodAccessorImpl.invoke0(Native Method)
at sun.reflect.NativeMethodAccessorImpl.invoke(Unknown Source)
at sun.reflect.DelegatingMethodAccessorImpl.invoke(Unknown Source)
at java.lang.reflect.Method.invoke(Unknown Source)
at org.testng.internal.MethodInvocationHelper.invokeMethod(MethodInvocationHelper.java:124)
at org.testng.internal.Invoker.invokeMethod(Invoker.java:580)
at org.testng.internal.Invoker.invokeTestMethod(Invoker.java:716)
at org.testng.internal.Invoker.invokeTestMethods(Invoker.java:988)
at org.testng.internal.TestMethodWorker.invokeTestMethods(TestMethodWorker.java:125)
at org.testng.internal.TestMethodWorker.run(TestMethodWorker.java:109)
at org.testng.TestRunner.privateRun(TestRunner.java:648)
at org.testng.TestRunner.run(TestRunner.java:505)
at org.testng.SuiteRunner.runTest(SuiteRunner.java:455)
at org.testng.SuiteRunner.runSequentially(SuiteRunner.java:450)
at org.testng.SuiteRunner.privateRun(SuiteRunner.java:415)
at org.testng.SuiteRunner.run(SuiteRunner.java:364)
at org.testng.SuiteRunnerWorker.runSuite(SuiteRunnerWorker.java:52)
at org.testng.SuiteRunnerWorker.run(SuiteRunnerWorker.java:84)
at org.testng.TestNG.runSuitesSequentially(TestNG.java:1208)
at org.testng.TestNG.runSuitesLocally(TestNG.java:1137)
at org.testng.TestNG.runSuites(TestNG.java:1049)
at org.testng.TestNG.run(TestNG.java:1017)
at org.testng.remote.AbstractRemoteTestNG.run(AbstractRemoteTestNG.java:114)
at org.testng.remote.RemoteTestNG.initAndRun(RemoteTestNG.java:251)
at org.testng.remote.RemoteTestNG.main(RemoteTestNG.java:77)
]]>
            </full-stacktrace>
          </exception> <!-- java.lang.AssertionError -->
          <reporter-output>
            <line>
              <![CDATA[login test failled]]>
            </line>
            <line>
              <![CDATA[<img src="file:///E:\02-01-19-01-07-57.png"alt"">]]>
            </line>
          </reporter-output>
        </test-method> <!-- login -->
        <test-method status="PASS" signature="closesite()[pri:0, instance:my_pack1.Way2sms@6eebc39e]" name="closesite" is-config="true" duration-ms="1264" started-at="2019-01-02T07:37:57Z" finished-at="2019-01-02T07:37:58Z">
          <reporter-output>
          </reporter-output>
        </test-method> <!-- closesite -->
      </class> <!-- my_pack1.Way2sms -->
    </test> <!-- Test5 -->
  </suite> <!-- Suite -->
</testng-results>
